commit 55e2d60017e47a491a9c2fb17748e80efc07009f
Author: Anthony Nguyen <anthony@cs.utexas.edu>
Date:   Mon Jul 11 21:33:31 2016 -0500

    implemented simple solution to deque.h which passes the unit test that was given. closes #7 #8 #4

commit 0b7e9c9a9c31e420150faa713ad8c750e466a8c2
Author: Anthony Nguyen <anthony@cs.utexas.edu>
Date:   Mon Jul 11 17:54:37 2016 -0500

    Confirming connection to Travis CI. solves #2

commit bf3c90377373ab7168a79462f9fa7d2c7f115f44
Author: Nguyen <asn579@wireless-10-145-135-33.public.utexas.edu>
Date:   Thu Jul 7 14:59:15 2016 -0500

    copied files from cs371g github. this closes #1

commit 2f9f3760f31e5cedfbaa92796bc5054e60535639
Author: asnguyen <asnguyen@users.noreply.github.com>
Date:   Thu Jul 7 13:40:39 2016 -0500

    edited gitignore

commit 104bc63767385e4f3ff86431db43e1bff3f9f371
Author: asnguyen <asnguyen@users.noreply.github.com>
Date:   Thu Jul 7 13:39:49 2016 -0500

    Initial commit
